c:\users\student\documents\visual studio 2015\projects\c++directx\action_shot\project023\release\vc140.pdb
c:\users\student\documents\visual studio 2015\projects\c++directx\action_shot\project023\release\player.obj
c:\users\student\documents\visual studio 2015\projects\c++directx\action_shot\project023\release\game.obj
c:\users\student\documents\visual studio 2015\projects\c++directx\action_shot\project023\release\debugproc.obj
c:\users\student\documents\visual studio 2015\projects\c++directx\action_shot\project023\release\camera.obj
c:\users\student\documents\visual studio 2015\projects\c++directx\action_shot\project023\release\project013.pch
c:\users\student\documents\visual studio 2015\projects\c++directx\action_shot\project023\release\precompile.obj
c:\users\student\documents\visual studio 2015\projects\c++directx\action_shot\project023\release\lockon.obj
c:\users\student\documents\visual studio 2015\projects\c++directx\action_shot\project023\release\light.obj
c:\users\student\documents\visual studio 2015\projects\c++directx\action_shot\project023\release\item.obj
c:\users\student\documents\visual studio 2015\projects\c++directx\action_shot\project023\release\input.obj
c:\users\student\documents\visual studio 2015\projects\c++directx\action_shot\project023\release\filter.obj
c:\users\student\documents\visual studio 2015\projects\c++directx\action_shot\project023\release\fileload.obj
c:\users\student\documents\visual studio 2015\projects\c++directx\action_shot\project023\release\fade.obj
c:\users\student\documents\visual studio 2015\projects\c++directx\action_shot\project023\release\explosion.obj
c:\users\student\documents\visual studio 2015\projects\c++directx\action_shot\project023\release\enemy.obj
c:\users\student\documents\visual studio 2015\projects\c++directx\action_shot\project023\release\effect.obj
c:\users\student\documents\visual studio 2015\projects\c++directx\action_shot\project023\release\editor.obj
c:\users\student\documents\visual studio 2015\projects\c++directx\action_shot\project023\release\character.obj
c:\users\student\documents\visual studio 2015\projects\c++directx\action_shot\project023\release\bullet.obj
c:\users\student\documents\visual studio 2015\projects\c++directx\action_shot\project023\release\block.obj
c:\users\student\documents\visual studio 2015\projects\c++directx\action_shot\project023\release\billboard.obj
c:\users\student\documents\visual studio 2015\projects\c++directx\action_shot\project023\release\meshballoon.obj
c:\users\student\documents\visual studio 2015\projects\c++directx\action_shot\project023\release\enemy_manager.obj
c:\users\student\documents\visual studio 2015\projects\c++directx\action_shot\project023\release\pause.obj
c:\users\student\documents\visual studio 2015\projects\c++directx\action_shot\project023\release\particle.obj
c:\users\student\documents\visual studio 2015\projects\c++directx\action_shot\project023\release\objectx.obj
c:\users\student\documents\visual studio 2015\projects\c++directx\action_shot\project023\release\object3d.obj
c:\users\student\documents\visual studio 2015\projects\c++directx\action_shot\project023\release\object2d.obj
c:\users\student\documents\visual studio 2015\projects\c++directx\action_shot\project023\release\object.obj
c:\users\student\documents\visual studio 2015\projects\c++directx\action_shot\project023\release\number.obj
c:\users\student\documents\visual studio 2015\projects\c++directx\action_shot\project023\release\multibg.obj
c:\users\student\documents\visual studio 2015\projects\c++directx\action_shot\project023\release\motion.obj
c:\users\student\documents\visual studio 2015\projects\c++directx\action_shot\project023\release\model.obj
c:\users\student\documents\visual studio 2015\projects\c++directx\action_shot\project023\release\message.obj
c:\users\student\documents\visual studio 2015\projects\c++directx\action_shot\project023\release\meshwall.obj
c:\users\student\documents\visual studio 2015\projects\c++directx\action_shot\project023\release\meshorbit.obj
c:\users\student\documents\visual studio 2015\projects\c++directx\action_shot\project023\release\meshfield.obj
c:\users\student\documents\visual studio 2015\projects\c++directx\action_shot\project023\release\meshdome.obj
c:\users\student\documents\visual studio 2015\projects\c++directx\action_shot\project023\release\meshcylinder.obj
c:\users\student\documents\visual studio 2015\projects\c++directx\action_shot\project023\release\mesh.obj
c:\users\student\documents\visual studio 2015\projects\c++directx\action_shot\project023\release\manager.obj
c:\users\student\documents\visual studio 2015\projects\c++directx\action_shot\project023\release\main.obj
c:\users\student\documents\visual studio 2015\projects\c++directx\action_shot\project023\release\xfile.obj
c:\users\student\documents\visual studio 2015\projects\c++directx\action_shot\project023\release\wet.obj
c:\users\student\documents\visual studio 2015\projects\c++directx\action_shot\project023\release\waist.obj
c:\users\student\documents\visual studio 2015\projects\c++directx\action_shot\project023\release\title.obj
c:\users\student\documents\visual studio 2015\projects\c++directx\action_shot\project023\release\time.obj
c:\users\student\documents\visual studio 2015\projects\c++directx\action_shot\project023\release\thermo.obj
c:\users\student\documents\visual studio 2015\projects\c++directx\action_shot\project023\release\texture.obj
c:\users\student\documents\visual studio 2015\projects\c++directx\action_shot\project023\release\target.obj
c:\users\student\documents\visual studio 2015\projects\c++directx\action_shot\project023\release\sound.obj
c:\users\student\documents\visual studio 2015\projects\c++directx\action_shot\project023\release\slow.obj
c:\users\student\documents\visual studio 2015\projects\c++directx\action_shot\project023\release\shadow.obj
c:\users\student\documents\visual studio 2015\projects\c++directx\action_shot\project023\release\score.obj
c:\users\student\documents\visual studio 2015\projects\c++directx\action_shot\project023\release\result.obj
c:\users\student\documents\visual studio 2015\projects\c++directx\action_shot\project023\release\renderer.obj
c:\users\student\documents\visual studio 2015\projects\c++directx\action_shot\project023\release\ranking.obj
c:\users\student\documents\visual studio 2015\projects\c++directx\action_shot\project023\release\car_manager.obj
c:\users\student\documents\visual studio 2015\projects\c++directx\action_shot\project023\release\car.obj
c:\users\student\documents\visual studio 2015\projects\c++directx\action_shot\project023\release\enemy_route.obj
c:\users\student\documents\visual studio 2015\projects\c++directx\action_shot\project023\release\tutorial.obj
c:\users\student\documents\visual studio 2015\projects\c++directx\action_shot\project023\project013.exe
c:\users\student\documents\visual studio 2015\projects\c++directx\action_shot\project023\project013.ipdb
c:\users\student\documents\visual studio 2015\projects\c++directx\action_shot\project023\project013.iobj
c:\users\student\documents\visual studio 2015\projects\c++directx\action_shot\project023\project013.pdb
c:\users\student\documents\visual studio 2015\projects\c++directx\action_shot\project023\release\project013.tlog\cl.command.1.tlog
c:\users\student\documents\visual studio 2015\projects\c++directx\action_shot\project023\release\project013.tlog\cl.read.1.tlog
c:\users\student\documents\visual studio 2015\projects\c++directx\action_shot\project023\release\project013.tlog\cl.write.1.tlog
c:\users\student\documents\visual studio 2015\projects\c++directx\action_shot\project023\release\project013.tlog\link.command.1.tlog
c:\users\student\documents\visual studio 2015\projects\c++directx\action_shot\project023\release\project013.tlog\link.read.1.tlog
c:\users\student\documents\visual studio 2015\projects\c++directx\action_shot\project023\release\project013.tlog\link.write.1.tlog
