  Xfile.cpp
  billboard.cpp
  block.cpp
  bullet.cpp
  camera.cpp
  character.cpp
  debugproc.cpp
  editor.cpp
  effect.cpp
  enemy.cpp
  explosion.cpp
  fade.cpp
  fileload.cpp
  filter.cpp
  game.cpp
  input.cpp
  item.cpp
  light.cpp
  lockon.cpp
  main.cpp
  コンパイル中...
  manager.cpp
  mesh.cpp
  meshballoon.cpp
meshballoon.cpp(362): warning C4244: '初期化中': 'float' から 'int' への変換です。データが失われる可能性があります。
  meshcylinder.cpp
  meshdome.cpp
  meshfield.cpp
  meshorbit.cpp
  meshwall.cpp
  message.cpp
  model.cpp
  motion.cpp
  multibg.cpp
  object.cpp
  object2D.cpp
  object3D.cpp
  objectX.cpp
  particle.cpp
  pause.cpp
  player.cpp
  ranking.cpp
  コンパイル中...
  renderer.cpp
  result.cpp
  score.cpp
  shadow.cpp
  slow.cpp
  texture.cpp
  time.cpp
  title.cpp
  waist.cpp
  wet.cpp
  コード生成しています。
  30 of 762 functions ( 3.9%) were compiled, the rest were copied from previous compilation.
    1 functions were new in current compilation
    40 functions had inline decision re-evaluated but remain unchanged
  コード生成が終了しました。
  project013.vcxproj -> C:\Users\student\Documents\Visual Studio 2015\Projects\C++DirectX\action_shot\project023\project013.exe
  project013.vcxproj -> C:\Users\student\Documents\Visual Studio 2015\Projects\C++DirectX\action_shot\project023\project013.pdb (Full PDB)
