c:\users\student\documents\visual studio 2015\projects\c++directx\project014_3dplayer\debug\vc140.pdb
c:\users\student\documents\visual studio 2015\projects\c++directx\project014_3dplayer\debug\vc140.idb
c:\users\student\documents\visual studio 2015\projects\c++directx\project014_3dplayer\debug\effect.obj
c:\users\student\documents\visual studio 2015\projects\c++directx\project014_3dplayer\debug\enemy.obj
c:\users\student\documents\visual studio 2015\projects\c++directx\project014_3dplayer\debug\explosion.obj
c:\users\student\documents\visual studio 2015\projects\c++directx\project014_3dplayer\debug\input.obj
c:\users\student\documents\visual studio 2015\projects\c++directx\project014_3dplayer\debug\item.obj
c:\users\student\documents\visual studio 2015\projects\c++directx\project014_3dplayer\debug\light.obj
c:\users\student\documents\visual studio 2015\projects\c++directx\project014_3dplayer\debug\main.obj
c:\users\student\documents\visual studio 2015\projects\c++directx\project014_3dplayer\debug\manager.obj
c:\users\student\documents\visual studio 2015\projects\c++directx\project014_3dplayer\debug\model.obj
c:\users\student\documents\visual studio 2015\projects\c++directx\project014_3dplayer\debug\multibg.obj
c:\users\student\documents\visual studio 2015\projects\c++directx\project014_3dplayer\debug\number.obj
c:\users\student\documents\visual studio 2015\projects\c++directx\project014_3dplayer\debug\object.obj
c:\users\student\documents\visual studio 2015\projects\c++directx\project014_3dplayer\debug\object2d.obj
c:\users\student\documents\visual studio 2015\projects\c++directx\project014_3dplayer\debug\object3d.obj
c:\users\student\documents\visual studio 2015\projects\c++directx\project014_3dplayer\debug\particle.obj
c:\users\student\documents\visual studio 2015\projects\c++directx\project014_3dplayer\debug\player.obj
c:\users\student\documents\visual studio 2015\projects\c++directx\project014_3dplayer\debug\renderer.obj
c:\users\student\documents\visual studio 2015\projects\c++directx\project014_3dplayer\debug\score.obj
c:\users\student\documents\visual studio 2015\projects\c++directx\project014_3dplayer\debug\sound.obj
c:\users\student\documents\visual studio 2015\projects\c++directx\project014_3dplayer\debug\time.obj
c:\users\student\documents\visual studio 2015\projects\c++directx\project014_3dplayer\debug\billboard.obj
c:\users\student\documents\visual studio 2015\projects\c++directx\project014_3dplayer\debug\block.obj
c:\users\student\documents\visual studio 2015\projects\c++directx\project014_3dplayer\debug\bullet.obj
c:\users\student\documents\visual studio 2015\projects\c++directx\project014_3dplayer\debug\camera.obj
c:\users\student\documents\visual studio 2015\projects\c++directx\project014_3dplayer\debug\debugproc.obj
c:\users\student\documents\visual studio 2015\projects\c++directx\project014_3dplayer\debug\modelfile.obj
c:\users\student\documents\visual studio 2015\projects\c++directx\project015_file\debug\vc140.pdb
c:\users\student\documents\visual studio 2015\projects\c++directx\project015_file\debug\vc140.idb
c:\users\student\documents\visual studio 2015\projects\c++directx\project015_file\debug\enemy.obj
c:\users\student\documents\visual studio 2015\projects\c++directx\project015_file\debug\explosion.obj
c:\users\student\documents\visual studio 2015\projects\c++directx\project015_file\debug\input.obj
c:\users\student\documents\visual studio 2015\projects\c++directx\project015_file\debug\item.obj
c:\users\student\documents\visual studio 2015\projects\c++directx\project015_file\debug\light.obj
c:\users\student\documents\visual studio 2015\projects\c++directx\project015_file\debug\main.obj
c:\users\student\documents\visual studio 2015\projects\c++directx\project015_file\debug\manager.obj
c:\users\student\documents\visual studio 2015\projects\c++directx\project015_file\debug\model.obj
c:\users\student\documents\visual studio 2015\projects\c++directx\project015_file\debug\modelfile.obj
c:\users\student\documents\visual studio 2015\projects\c++directx\project015_file\debug\multibg.obj
c:\users\student\documents\visual studio 2015\projects\c++directx\project015_file\debug\number.obj
c:\users\student\documents\visual studio 2015\projects\c++directx\project015_file\debug\object.obj
c:\users\student\documents\visual studio 2015\projects\c++directx\project015_file\debug\object2d.obj
c:\users\student\documents\visual studio 2015\projects\c++directx\project015_file\debug\object3d.obj
c:\users\student\documents\visual studio 2015\projects\c++directx\project015_file\debug\particle.obj
c:\users\student\documents\visual studio 2015\projects\c++directx\project015_file\debug\player.obj
c:\users\student\documents\visual studio 2015\projects\c++directx\project015_file\debug\renderer.obj
c:\users\student\documents\visual studio 2015\projects\c++directx\project015_file\debug\score.obj
c:\users\student\documents\visual studio 2015\projects\c++directx\project015_file\debug\sound.obj
c:\users\student\documents\visual studio 2015\projects\c++directx\project015_file\debug\time.obj
c:\users\student\documents\visual studio 2015\projects\c++directx\project015_file\debug\billboard.obj
c:\users\student\documents\visual studio 2015\projects\c++directx\project015_file\debug\block.obj
c:\users\student\documents\visual studio 2015\projects\c++directx\project015_file\debug\bullet.obj
c:\users\student\documents\visual studio 2015\projects\c++directx\project015_file\debug\camera.obj
c:\users\student\documents\visual studio 2015\projects\c++directx\project015_file\debug\debugproc.obj
c:\users\student\documents\visual studio 2015\projects\c++directx\project015_file\debug\effect.obj
c:\users\student\documents\visual studio 2015\projects\c++directx\project015_motion\debug\vc140.pdb
c:\users\student\documents\visual studio 2015\projects\c++directx\project015_motion\debug\vc140.idb
c:\users\student\documents\visual studio 2015\projects\c++directx\project015_motion\debug\enemy.obj
c:\users\student\documents\visual studio 2015\projects\c++directx\project015_motion\debug\explosion.obj
c:\users\student\documents\visual studio 2015\projects\c++directx\project015_motion\debug\input.obj
c:\users\student\documents\visual studio 2015\projects\c++directx\project015_motion\debug\item.obj
c:\users\student\documents\visual studio 2015\projects\c++directx\project015_motion\debug\light.obj
c:\users\student\documents\visual studio 2015\projects\c++directx\project015_motion\debug\main.obj
c:\users\student\documents\visual studio 2015\projects\c++directx\project015_motion\debug\manager.obj
c:\users\student\documents\visual studio 2015\projects\c++directx\project015_motion\debug\model.obj
c:\users\student\documents\visual studio 2015\projects\c++directx\project015_motion\debug\modelfile.obj
c:\users\student\documents\visual studio 2015\projects\c++directx\project015_motion\debug\multibg.obj
c:\users\student\documents\visual studio 2015\projects\c++directx\project015_motion\debug\number.obj
c:\users\student\documents\visual studio 2015\projects\c++directx\project015_motion\debug\object.obj
c:\users\student\documents\visual studio 2015\projects\c++directx\project015_motion\debug\object2d.obj
c:\users\student\documents\visual studio 2015\projects\c++directx\project015_motion\debug\object3d.obj
c:\users\student\documents\visual studio 2015\projects\c++directx\project015_motion\debug\particle.obj
c:\users\student\documents\visual studio 2015\projects\c++directx\project015_motion\debug\player.obj
c:\users\student\documents\visual studio 2015\projects\c++directx\project015_motion\debug\renderer.obj
c:\users\student\documents\visual studio 2015\projects\c++directx\project015_motion\debug\score.obj
c:\users\student\documents\visual studio 2015\projects\c++directx\project015_motion\debug\sound.obj
c:\users\student\documents\visual studio 2015\projects\c++directx\project015_motion\debug\time.obj
c:\users\student\documents\visual studio 2015\projects\c++directx\project015_motion\debug\billboard.obj
c:\users\student\documents\visual studio 2015\projects\c++directx\project015_motion\debug\block.obj
c:\users\student\documents\visual studio 2015\projects\c++directx\project015_motion\debug\bullet.obj
c:\users\student\documents\visual studio 2015\projects\c++directx\project015_motion\debug\camera.obj
c:\users\student\documents\visual studio 2015\projects\c++directx\project015_motion\debug\debugproc.obj
c:\users\student\documents\visual studio 2015\projects\c++directx\project015_motion\debug\effect.obj
c:\users\student\documents\visual studio 2015\projects\c++directx\project015_motion\debug\character.obj
c:\users\student\documents\visual studio 2015\projects\c++directx\project016_body\debug\vc140.pdb
c:\users\student\documents\visual studio 2015\projects\c++directx\project016_body\debug\vc140.idb
c:\users\student\documents\visual studio 2015\projects\c++directx\project016_body\debug\enemy.obj
c:\users\student\documents\visual studio 2015\projects\c++directx\project016_body\debug\explosion.obj
c:\users\student\documents\visual studio 2015\projects\c++directx\project016_body\debug\input.obj
c:\users\student\documents\visual studio 2015\projects\c++directx\project016_body\debug\item.obj
c:\users\student\documents\visual studio 2015\projects\c++directx\project016_body\debug\light.obj
c:\users\student\documents\visual studio 2015\projects\c++directx\project016_body\debug\main.obj
c:\users\student\documents\visual studio 2015\projects\c++directx\project016_body\debug\manager.obj
c:\users\student\documents\visual studio 2015\projects\c++directx\project016_body\debug\model.obj
c:\users\student\documents\visual studio 2015\projects\c++directx\project016_body\debug\modelfile.obj
c:\users\student\documents\visual studio 2015\projects\c++directx\project016_body\debug\multibg.obj
c:\users\student\documents\visual studio 2015\projects\c++directx\project016_body\debug\number.obj
c:\users\student\documents\visual studio 2015\projects\c++directx\project016_body\debug\object.obj
c:\users\student\documents\visual studio 2015\projects\c++directx\project016_body\debug\object2d.obj
c:\users\student\documents\visual studio 2015\projects\c++directx\project016_body\debug\object3d.obj
c:\users\student\documents\visual studio 2015\projects\c++directx\project016_body\debug\particle.obj
c:\users\student\documents\visual studio 2015\projects\c++directx\project016_body\debug\player.obj
c:\users\student\documents\visual studio 2015\projects\c++directx\project016_body\debug\renderer.obj
c:\users\student\documents\visual studio 2015\projects\c++directx\project016_body\debug\score.obj
c:\users\student\documents\visual studio 2015\projects\c++directx\project016_body\debug\sound.obj
c:\users\student\documents\visual studio 2015\projects\c++directx\project016_body\debug\time.obj
c:\users\student\documents\visual studio 2015\projects\c++directx\project016_body\debug\billboard.obj
c:\users\student\documents\visual studio 2015\projects\c++directx\project016_body\debug\block.obj
c:\users\student\documents\visual studio 2015\projects\c++directx\project016_body\debug\bullet.obj
c:\users\student\documents\visual studio 2015\projects\c++directx\project016_body\debug\camera.obj
c:\users\student\documents\visual studio 2015\projects\c++directx\project016_body\debug\character.obj
c:\users\student\documents\visual studio 2015\projects\c++directx\project016_body\debug\debugproc.obj
c:\users\student\documents\visual studio 2015\projects\c++directx\project016_body\debug\effect.obj
c:\users\student\documents\visual studio 2015\projects\c++directx\project016_body\debug\texture.obj
c:\users\student\documents\visual studio 2015\projects\c++directx\project017_mesh\debug\vc140.pdb
c:\users\student\documents\visual studio 2015\projects\c++directx\project017_mesh\debug\vc140.idb
c:\users\student\documents\visual studio 2015\projects\c++directx\project017_mesh\debug\input.obj
c:\users\student\documents\visual studio 2015\projects\c++directx\project017_mesh\debug\item.obj
c:\users\student\documents\visual studio 2015\projects\c++directx\project017_mesh\debug\light.obj
c:\users\student\documents\visual studio 2015\projects\c++directx\project017_mesh\debug\main.obj
c:\users\student\documents\visual studio 2015\projects\c++directx\project017_mesh\debug\manager.obj
c:\users\student\documents\visual studio 2015\projects\c++directx\project017_mesh\debug\mesh.obj
c:\users\student\documents\visual studio 2015\projects\c++directx\project017_mesh\debug\model.obj
c:\users\student\documents\visual studio 2015\projects\c++directx\project017_mesh\debug\modelfile.obj
c:\users\student\documents\visual studio 2015\projects\c++directx\project017_mesh\debug\multibg.obj
c:\users\student\documents\visual studio 2015\projects\c++directx\project017_mesh\debug\number.obj
c:\users\student\documents\visual studio 2015\projects\c++directx\project017_mesh\debug\object.obj
c:\users\student\documents\visual studio 2015\projects\c++directx\project017_mesh\debug\object2d.obj
c:\users\student\documents\visual studio 2015\projects\c++directx\project017_mesh\debug\object3d.obj
c:\users\student\documents\visual studio 2015\projects\c++directx\project017_mesh\debug\particle.obj
c:\users\student\documents\visual studio 2015\projects\c++directx\project017_mesh\debug\player.obj
c:\users\student\documents\visual studio 2015\projects\c++directx\project017_mesh\debug\renderer.obj
c:\users\student\documents\visual studio 2015\projects\c++directx\project017_mesh\debug\score.obj
c:\users\student\documents\visual studio 2015\projects\c++directx\project017_mesh\debug\sound.obj
c:\users\student\documents\visual studio 2015\projects\c++directx\project017_mesh\debug\texture.obj
c:\users\student\documents\visual studio 2015\projects\c++directx\project017_mesh\debug\time.obj
c:\users\student\documents\visual studio 2015\projects\c++directx\project017_mesh\debug\billboard.obj
c:\users\student\documents\visual studio 2015\projects\c++directx\project017_mesh\debug\block.obj
c:\users\student\documents\visual studio 2015\projects\c++directx\project017_mesh\debug\bullet.obj
c:\users\student\documents\visual studio 2015\projects\c++directx\project017_mesh\debug\camera.obj
c:\users\student\documents\visual studio 2015\projects\c++directx\project017_mesh\debug\character.obj
c:\users\student\documents\visual studio 2015\projects\c++directx\project017_mesh\debug\debugproc.obj
c:\users\student\documents\visual studio 2015\projects\c++directx\project017_mesh\debug\effect.obj
c:\users\student\documents\visual studio 2015\projects\c++directx\project017_mesh\debug\enemy.obj
c:\users\student\documents\visual studio 2015\projects\c++directx\project017_mesh\debug\explosion.obj
c:\users\student\documents\visual studio 2015\projects\c++directx\project017_mesh\debug\meshfield.obj
c:\users\student\documents\visual studio 2015\projects\c++directx\project017_mesh\debug\meshwall.obj
c:\users\student\documents\visual studio 2015\projects\c++directx\project017_mesh\debug\meshcylinder.obj
c:\users\student\documents\visual studio 2015\projects\c++directx\project017_mesh\debug\meshdome.obj
c:\users\student\documents\visual studio 2015\projects\c++directx\project014_3dplayer\debug\project013.ilk
c:\users\student\documents\visual studio 2015\projects\c++directx\project014_3dplayer\debug\project013.exe
c:\users\student\documents\visual studio 2015\projects\c++directx\project014_3dplayer\debug\project013.pdb
c:\users\student\documents\visual studio 2015\projects\c++directx\project015_file\debug\project013.ilk
c:\users\student\documents\visual studio 2015\projects\c++directx\project015_file\debug\project013.exe
c:\users\student\documents\visual studio 2015\projects\c++directx\project015_file\debug\project013.pdb
c:\users\student\documents\visual studio 2015\projects\c++directx\project015_motion\debug\project013.ilk
c:\users\student\documents\visual studio 2015\projects\c++directx\project015_motion\debug\project013.exe
c:\users\student\documents\visual studio 2015\projects\c++directx\project015_motion\debug\project013.pdb
c:\users\student\documents\visual studio 2015\projects\c++directx\project016_body\debug\project013.ilk
c:\users\student\documents\visual studio 2015\projects\c++directx\project016_body\debug\project013.exe
c:\users\student\documents\visual studio 2015\projects\c++directx\project016_body\debug\project013.pdb
c:\users\student\documents\visual studio 2015\projects\c++directx\project017_mesh\debug\project013.ilk
c:\users\student\documents\visual studio 2015\projects\c++directx\project017_mesh\debug\project013.exe
c:\users\student\documents\visual studio 2015\projects\c++directx\project017_mesh\debug\project013.pdb
c:\users\student\documents\visual studio 2015\projects\c++directx\project017_mesh\debug\project013.tlog\cl.command.1.tlog
c:\users\student\documents\visual studio 2015\projects\c++directx\project017_mesh\debug\project013.tlog\cl.read.1.tlog
c:\users\student\documents\visual studio 2015\projects\c++directx\project017_mesh\debug\project013.tlog\cl.write.1.tlog
c:\users\student\documents\visual studio 2015\projects\c++directx\project017_mesh\debug\project013.tlog\link.command.1.tlog
c:\users\student\documents\visual studio 2015\projects\c++directx\project017_mesh\debug\project013.tlog\link.read.1.tlog
c:\users\student\documents\visual studio 2015\projects\c++directx\project017_mesh\debug\project013.tlog\link.write.1.tlog
