c:\users\student\documents\visual studio 2015\projects\c++directx\action_shot\project022 - コピー\debug\project013.pch.codeanalysis
c:\users\student\documents\visual studio 2015\projects\c++directx\action_shot\project022 - コピー\debug\vc140.pdb
c:\users\student\documents\visual studio 2015\projects\c++directx\action_shot\project022 - コピー\debug\vc140.idb
c:\users\student\documents\visual studio 2015\projects\c++directx\action_shot\project022 - コピー\debug\project013.pch.codeanalysisast
c:\users\student\documents\visual studio 2015\projects\c++directx\action_shot\project022 - コピー\debug\precompile.nativecodeanalysis.xml
c:\users\student\documents\visual studio 2015\projects\c++directx\action_shot\project022 - コピー\debug\precompile.obj
c:\users\student\documents\visual studio 2015\projects\c++directx\action_shot\project022 - コピー\debug\project013.pch
c:\users\student\documents\visual studio 2015\projects\c++directx\action_shot\project022 - コピー\debug\meshwall.nativecodeanalysis.xml
c:\users\student\documents\visual studio 2015\projects\c++directx\action_shot\project022 - コピー\debug\model.nativecodeanalysis.xml
c:\users\student\documents\visual studio 2015\projects\c++directx\action_shot\project022 - コピー\debug\motion.nativecodeanalysis.xml
c:\users\student\documents\visual studio 2015\projects\c++directx\action_shot\project022 - コピー\debug\objectx.nativecodeanalysis.xml
c:\users\student\documents\visual studio 2015\projects\c++directx\action_shot\project022 - コピー\debug\shadow.nativecodeanalysis.xml
c:\users\student\documents\visual studio 2015\projects\c++directx\action_shot\project022 - コピー\debug\slow.nativecodeanalysis.xml
c:\users\student\documents\visual studio 2015\projects\c++directx\action_shot\project022 - コピー\debug\waist.nativecodeanalysis.xml
c:\users\student\documents\visual studio 2015\projects\c++directx\action_shot\project022 - コピー\debug\xfile.nativecodeanalysis.xml
c:\users\student\documents\visual studio 2015\projects\c++directx\action_shot\project022 - コピー\debug\multibg.nativecodeanalysis.xml
c:\users\student\documents\visual studio 2015\projects\c++directx\action_shot\project022 - コピー\debug\number.nativecodeanalysis.xml
c:\users\student\documents\visual studio 2015\projects\c++directx\action_shot\project022 - コピー\debug\object.nativecodeanalysis.xml
c:\users\student\documents\visual studio 2015\projects\c++directx\action_shot\project022 - コピー\debug\object2d.nativecodeanalysis.xml
c:\users\student\documents\visual studio 2015\projects\c++directx\action_shot\project022 - コピー\debug\object3d.nativecodeanalysis.xml
c:\users\student\documents\visual studio 2015\projects\c++directx\action_shot\project022 - コピー\debug\particle.nativecodeanalysis.xml
c:\users\student\documents\visual studio 2015\projects\c++directx\action_shot\project022 - コピー\debug\player.nativecodeanalysis.xml
c:\users\student\documents\visual studio 2015\projects\c++directx\action_shot\project022 - コピー\debug\renderer.nativecodeanalysis.xml
c:\users\student\documents\visual studio 2015\projects\c++directx\action_shot\project022 - コピー\debug\score.nativecodeanalysis.xml
c:\users\student\documents\visual studio 2015\projects\c++directx\action_shot\project022 - コピー\debug\sound.nativecodeanalysis.xml
c:\users\student\documents\visual studio 2015\projects\c++directx\action_shot\project022 - コピー\debug\texture.nativecodeanalysis.xml
c:\users\student\documents\visual studio 2015\projects\c++directx\action_shot\project022 - コピー\debug\time.nativecodeanalysis.xml
c:\users\student\documents\visual studio 2015\projects\c++directx\action_shot\project022 - コピー\debug\time.obj
c:\users\student\documents\visual studio 2015\projects\c++directx\action_shot\project022 - コピー\debug\texture.obj
c:\users\student\documents\visual studio 2015\projects\c++directx\action_shot\project022 - コピー\debug\sound.obj
c:\users\student\documents\visual studio 2015\projects\c++directx\action_shot\project022 - コピー\debug\score.obj
c:\users\student\documents\visual studio 2015\projects\c++directx\action_shot\project022 - コピー\debug\renderer.obj
c:\users\student\documents\visual studio 2015\projects\c++directx\action_shot\project022 - コピー\debug\player.obj
c:\users\student\documents\visual studio 2015\projects\c++directx\action_shot\project022 - コピー\debug\particle.obj
c:\users\student\documents\visual studio 2015\projects\c++directx\action_shot\project022 - コピー\debug\object3d.obj
c:\users\student\documents\visual studio 2015\projects\c++directx\action_shot\project022 - コピー\debug\object2d.obj
c:\users\student\documents\visual studio 2015\projects\c++directx\action_shot\project022 - コピー\debug\object.obj
c:\users\student\documents\visual studio 2015\projects\c++directx\action_shot\project022 - コピー\debug\number.obj
c:\users\student\documents\visual studio 2015\projects\c++directx\action_shot\project022 - コピー\debug\multibg.obj
c:\users\student\documents\visual studio 2015\projects\c++directx\action_shot\project022 - コピー\debug\xfile.obj
c:\users\student\documents\visual studio 2015\projects\c++directx\action_shot\project022 - コピー\debug\waist.obj
c:\users\student\documents\visual studio 2015\projects\c++directx\action_shot\project022 - コピー\debug\slow.obj
c:\users\student\documents\visual studio 2015\projects\c++directx\action_shot\project022 - コピー\debug\shadow.obj
c:\users\student\documents\visual studio 2015\projects\c++directx\action_shot\project022 - コピー\debug\objectx.obj
c:\users\student\documents\visual studio 2015\projects\c++directx\action_shot\project022 - コピー\debug\motion.obj
c:\users\student\documents\visual studio 2015\projects\c++directx\action_shot\project022 - コピー\debug\model.obj
c:\users\student\documents\visual studio 2015\projects\c++directx\action_shot\project022 - コピー\debug\meshwall.obj
c:\users\student\documents\visual studio 2015\projects\c++directx\action_shot\project022 - コピー\debug\camera.nativecodeanalysis.xml
c:\users\student\documents\visual studio 2015\projects\c++directx\action_shot\project022 - コピー\debug\character.nativecodeanalysis.xml
c:\users\student\documents\visual studio 2015\projects\c++directx\action_shot\project022 - コピー\debug\debugproc.nativecodeanalysis.xml
c:\users\student\documents\visual studio 2015\projects\c++directx\action_shot\project022 - コピー\debug\editor.nativecodeanalysis.xml
c:\users\student\documents\visual studio 2015\projects\c++directx\action_shot\project022 - コピー\debug\effect.nativecodeanalysis.xml
c:\users\student\documents\visual studio 2015\projects\c++directx\action_shot\project022 - コピー\debug\enemy.nativecodeanalysis.xml
c:\users\student\documents\visual studio 2015\projects\c++directx\action_shot\project022 - コピー\debug\explosion.nativecodeanalysis.xml
c:\users\student\documents\visual studio 2015\projects\c++directx\action_shot\project022 - コピー\debug\fileload.nativecodeanalysis.xml
c:\users\student\documents\visual studio 2015\projects\c++directx\action_shot\project022 - コピー\debug\game.nativecodeanalysis.xml
c:\users\student\documents\visual studio 2015\projects\c++directx\action_shot\project022 - コピー\debug\input.nativecodeanalysis.xml
c:\users\student\documents\visual studio 2015\projects\c++directx\action_shot\project022 - コピー\debug\item.nativecodeanalysis.xml
c:\users\student\documents\visual studio 2015\projects\c++directx\action_shot\project022 - コピー\debug\light.nativecodeanalysis.xml
c:\users\student\documents\visual studio 2015\projects\c++directx\action_shot\project022 - コピー\debug\lockon.nativecodeanalysis.xml
c:\users\student\documents\visual studio 2015\projects\c++directx\action_shot\project022 - コピー\debug\main.nativecodeanalysis.xml
c:\users\student\documents\visual studio 2015\projects\c++directx\action_shot\project022 - コピー\debug\manager.nativecodeanalysis.xml
c:\users\student\documents\visual studio 2015\projects\c++directx\action_shot\project022 - コピー\debug\mesh.nativecodeanalysis.xml
c:\users\student\documents\visual studio 2015\projects\c++directx\action_shot\project022 - コピー\debug\meshcylinder.nativecodeanalysis.xml
c:\users\student\documents\visual studio 2015\projects\c++directx\action_shot\project022 - コピー\debug\meshdome.nativecodeanalysis.xml
c:\users\student\documents\visual studio 2015\projects\c++directx\action_shot\project022 - コピー\debug\meshfield.nativecodeanalysis.xml
c:\users\student\documents\visual studio 2015\projects\c++directx\action_shot\project022 - コピー\debug\meshorbit.nativecodeanalysis.xml
c:\users\student\documents\visual studio 2015\projects\c++directx\action_shot\project022 - コピー\debug\meshorbit.obj
c:\users\student\documents\visual studio 2015\projects\c++directx\action_shot\project022 - コピー\debug\meshfield.obj
c:\users\student\documents\visual studio 2015\projects\c++directx\action_shot\project022 - コピー\debug\meshdome.obj
c:\users\student\documents\visual studio 2015\projects\c++directx\action_shot\project022 - コピー\debug\meshcylinder.obj
c:\users\student\documents\visual studio 2015\projects\c++directx\action_shot\project022 - コピー\debug\mesh.obj
c:\users\student\documents\visual studio 2015\projects\c++directx\action_shot\project022 - コピー\debug\manager.obj
c:\users\student\documents\visual studio 2015\projects\c++directx\action_shot\project022 - コピー\debug\main.obj
c:\users\student\documents\visual studio 2015\projects\c++directx\action_shot\project022 - コピー\debug\lockon.obj
c:\users\student\documents\visual studio 2015\projects\c++directx\action_shot\project022 - コピー\debug\light.obj
c:\users\student\documents\visual studio 2015\projects\c++directx\action_shot\project022 - コピー\debug\item.obj
c:\users\student\documents\visual studio 2015\projects\c++directx\action_shot\project022 - コピー\debug\input.obj
c:\users\student\documents\visual studio 2015\projects\c++directx\action_shot\project022 - コピー\debug\game.obj
c:\users\student\documents\visual studio 2015\projects\c++directx\action_shot\project022 - コピー\debug\fileload.obj
c:\users\student\documents\visual studio 2015\projects\c++directx\action_shot\project022 - コピー\debug\explosion.obj
c:\users\student\documents\visual studio 2015\projects\c++directx\action_shot\project022 - コピー\debug\enemy.obj
c:\users\student\documents\visual studio 2015\projects\c++directx\action_shot\project022 - コピー\debug\effect.obj
c:\users\student\documents\visual studio 2015\projects\c++directx\action_shot\project022 - コピー\debug\editor.obj
c:\users\student\documents\visual studio 2015\projects\c++directx\action_shot\project022 - コピー\debug\debugproc.obj
c:\users\student\documents\visual studio 2015\projects\c++directx\action_shot\project022 - コピー\debug\character.obj
c:\users\student\documents\visual studio 2015\projects\c++directx\action_shot\project022 - コピー\debug\camera.obj
c:\users\student\documents\visual studio 2015\projects\c++directx\action_shot\project022 - コピー\debug\billboard.nativecodeanalysis.xml
c:\users\student\documents\visual studio 2015\projects\c++directx\action_shot\project022 - コピー\debug\block.nativecodeanalysis.xml
c:\users\student\documents\visual studio 2015\projects\c++directx\action_shot\project022 - コピー\debug\bullet.nativecodeanalysis.xml
c:\users\student\documents\visual studio 2015\projects\c++directx\action_shot\project022 - コピー\debug\bullet.obj
c:\users\student\documents\visual studio 2015\projects\c++directx\action_shot\project022 - コピー\debug\block.obj
c:\users\student\documents\visual studio 2015\projects\c++directx\action_shot\project022 - コピー\debug\billboard.obj
c:\users\student\documents\visual studio 2015\projects\c++directx\action_shot\project022 - コピー\debug\project013.ilk
c:\users\student\documents\visual studio 2015\projects\c++directx\action_shot\project022 - コピー\debug\project013.exe
c:\users\student\documents\visual studio 2015\projects\c++directx\action_shot\project022 - コピー\debug\project013.pdb
c:\users\student\documents\visual studio 2015\projects\c++directx\action_shot\project022 - コピー\debug\nativecodeanalysis.read.1.tlog
c:\users\student\documents\visual studio 2015\projects\c++directx\action_shot\project022 - コピー\debug\vc.nativecodeanalysis.all.xml
c:\users\student\documents\visual studio 2015\projects\c++directx\action_shot\project022 - コピー\debug\project013.exe.lastcodeanalysissucceeded
c:\users\student\documents\visual studio 2015\projects\c++directx\action_shot\project022 - コピー\debug\project013.tlog\cl.command.1.tlog
c:\users\student\documents\visual studio 2015\projects\c++directx\action_shot\project022 - コピー\debug\project013.tlog\cl.read.1.tlog
c:\users\student\documents\visual studio 2015\projects\c++directx\action_shot\project022 - コピー\debug\project013.tlog\cl.write.1.tlog
c:\users\student\documents\visual studio 2015\projects\c++directx\action_shot\project022 - コピー\debug\project013.tlog\link.command.1.tlog
c:\users\student\documents\visual studio 2015\projects\c++directx\action_shot\project022 - コピー\debug\project013.tlog\link.read.1.tlog
c:\users\student\documents\visual studio 2015\projects\c++directx\action_shot\project022 - コピー\debug\project013.tlog\link.write.1.tlog
