  precompile.cpp
  Xfile.cpp
  billboard.cpp
  block.cpp
  bullet.cpp
  camera.cpp
  character.cpp
  debugproc.cpp
  editor.cpp
  effect.cpp
  enemy.cpp
enemy.cpp(87): warning C4244: '=': 'int' から 'float' への変換です。データが失われる可能性があります。
  explosion.cpp
  fileload.cpp
  input.cpp
  item.cpp
  light.cpp
  lockon.cpp
  main.cpp
  manager.cpp
  mesh.cpp
  meshcylinder.cpp
  コンパイル中...
  meshdome.cpp
  meshfield.cpp
  meshorbit.cpp
  meshwall.cpp
  model.cpp
  motion.cpp
motion.cpp(89): warning C4244: '*=': 'float' から 'int' への変換です。データが失われる可能性があります。
motion.cpp(94): warning C4244: '*=': 'float' から 'int' への変換です。データが失われる可能性があります。
  multibg.cpp
  number.cpp
  object.cpp
  object2D.cpp
  object3D.cpp
  objectX.cpp
  particle.cpp
  player.cpp
  renderer.cpp
  score.cpp
  shadow.cpp
  slow.cpp
  sound.cpp
  texture.cpp
  コンパイル中...
  time.cpp
  waist.cpp
  コード生成しています。
  All 567 functions were compiled because no usable IPDB/IOBJ from previous compilation was found.
  コード生成が終了しました。
  project013.vcxproj -> C:\Users\student\Documents\Visual Studio 2015\Projects\C++DirectX\action_shot\project022\project013.exe
  project013.vcxproj -> C:\Users\student\Documents\Visual Studio 2015\Projects\C++DirectX\action_shot\project022\project013.pdb (Full PDB)
